<?xml version="1.0" encoding="UTF-8"?>
<!-- Generated by org.testng.reporters.JUnitReportReporter -->
<testsuite hostname="nitesh281189" failures="0" tests="2" name="com.qa.test.GETApiTest" time="1.366" errors="0" timestamp="2021-12-29T22:30:52 IST" skipped="0">
  <testcase classname="com.qa.test.GETApiTest" name="getApiTestWithoutHeader" time="1.197"/>
  <system-out/>
  <testcase classname="com.qa.test.GETApiTest" name="getApiTestWithHeader" time="0.169"/>
  <system-out/>
</testsuite> <!-- com.qa.test.GETApiTest -->
