<?xml version="1.0" encoding="UTF-8"?>
<!-- Generated by org.testng.reporters.JUnitReportReporter -->
<testsuite hostname="nitesh281189" failures="0" tests="1" name="com.qa.test.POSTApiTest" time="1.508" errors="0" timestamp="2021-12-29T23:55:32 IST" skipped="0">
  <testcase classname="com.qa.test.POSTApiTest" name="postApiTest" time="1.508"/>
  <system-out/>
</testsuite> <!-- com.qa.test.POSTApiTest -->
