<?xml version="1.0" encoding="UTF-8"?>
<!-- Generated by org.testng.reporters.JUnitReportReporter -->
<testsuite skipped="0" hostname="nitesh281189" name="com.qa.test.GETApiTest" tests="2" failures="0" timestamp="29 Dec 2021 16:04:08 GMT" time="5.437" errors="0">
  <testcase name="getApiTestWithoutHeader" time="5.269" classname="com.qa.test.GETApiTest"/>
  <testcase name="getApiTestWithHeader" time="0.168" classname="com.qa.test.GETApiTest"/>
</testsuite> <!-- com.qa.test.GETApiTest -->
